The target system is: Generic - 2.2.0 - arm
The host system is: Linux - 5.15.90.1-microsoft-standard-WSL2 - x86_64
Compiling the C compiler identification source file "CMakeCCompilerId.c" succeeded.
Compiler: /root/SDK/zephyr-sdk-0.11.2/arm-zephyr-eabi/bin/arm-zephyr-eabi-gcc 
Build flags: 
Id flags: -c 

The output was:
0


Compilation of the C compiler identification source "CMakeCCompilerId.c" produced "CMakeCCompilerId.o"

The C compiler identification is GNU, found in "/root/BlueSWAT/ZephyrOS/peripheral/build/CMakeFiles/3.16.3/CompilerIdC/CMakeCCompilerId.o"

Compiling the CXX compiler identification source file "CMakeCXXCompilerId.cpp" succeeded.
Compiler: /root/SDK/zephyr-sdk-0.11.2/arm-zephyr-eabi/bin/arm-zephyr-eabi-g++ 
Build flags: 
Id flags: -c 

The output was:
0


Compilation of the CXX compiler identification source "CMakeCXXCompilerId.cpp" produced "CMakeCXXCompilerId.o"

The CXX compiler identification is GNU, found in "/root/BlueSWAT/ZephyrOS/peripheral/build/CMakeFiles/3.16.3/CompilerIdCXX/CMakeCXXCompilerId.o"

Checking whether the ASM compiler is GNU using "--version" matched "(GNU assembler)|(GCC)|(Free Software Foundation)":
arm-zephyr-eabi-gcc (crosstool-NG 1.24.0.37-3f461da-dirty) 9.2.0
Copyright (C) 2019 Free Software Foundation, Inc.
This is free software; see the source for copying conditions.  There is NO
warranty; not even for MERCHANTABILITY or FITNESS FOR A PARTICULAR PURPOSE.

Performing C SOURCE FILE Test check_fmacro_prefix_map__root_BlueSWAT_ZephyrOS_peripheral_CMAKE_SOURCE_DIR_C__nostartfiles__nostdlib__isystem___root_SDK_zephyr_sdk_0_11_2_arm_zephyr_eabi_bin____lib_gcc_arm_zephyr_eabi_9_2_0_include___isystem___root_SDK_zephyr_sdk_0_11_2_arm_zephyr_eabi_bin____lib_gcc_arm_zephyr_eabi_9_2_0_include_fixed___Wl___unresolved_symbols_ignore_in_object_files__Wl___entry_0 succeeded with the following output:
Change Dir: /root/BlueSWAT/ZephyrOS/peripheral/build/CMakeFiles/CMakeTmp

Run Build Command(s):/usr/bin/ninja cmTC_07c68 && [1/2] Building C object CMakeFiles/cmTC_07c68.dir/src.c.obj
[2/2] Linking C executable cmTC_07c68


Source file was:
int main(void) { return 0; }
Performing C SOURCE FILE Test check_fmacro_prefix_map__root_BlueSWAT_ZephyrOS_zephyr_ZEPHYR_BASE_C__nostartfiles__nostdlib__isystem___root_SDK_zephyr_sdk_0_11_2_arm_zephyr_eabi_bin____lib_gcc_arm_zephyr_eabi_9_2_0_include___isystem___root_SDK_zephyr_sdk_0_11_2_arm_zephyr_eabi_bin____lib_gcc_arm_zephyr_eabi_9_2_0_include_fixed___Wl___unresolved_symbols_ignore_in_object_files__Wl___entry_0 succeeded with the following output:
Change Dir: /root/BlueSWAT/ZephyrOS/peripheral/build/CMakeFiles/CMakeTmp

Run Build Command(s):/usr/bin/ninja cmTC_64cf3 && [1/2] Building C object CMakeFiles/cmTC_64cf3.dir/src.c.obj
[2/2] Linking C executable cmTC_64cf3


Source file was:
int main(void) { return 0; }
Performing C SOURCE FILE Test check_fmacro_prefix_map__root_BlueSWAT_ZephyrOS_WEST_TOPDIR_C__nostartfiles__nostdlib__isystem___root_SDK_zephyr_sdk_0_11_2_arm_zephyr_eabi_bin____lib_gcc_arm_zephyr_eabi_9_2_0_include___isystem___root_SDK_zephyr_sdk_0_11_2_arm_zephyr_eabi_bin____lib_gcc_arm_zephyr_eabi_9_2_0_include_fixed___Wl___unresolved_symbols_ignore_in_object_files__Wl___entry_0 succeeded with the following output:
Change Dir: /root/BlueSWAT/ZephyrOS/peripheral/build/CMakeFiles/CMakeTmp

Run Build Command(s):/usr/bin/ninja cmTC_5a466 && [1/2] Building C object CMakeFiles/cmTC_5a466.dir/src.c.obj
[2/2] Linking C executable cmTC_5a466


Source file was:
int main(void) { return 0; }
